
**** Clean-only build of configuration Debug for project LED_Blink ****

"c:\\ti\\ccsv6\\utils\\bin\\gmake" -k clean 
gmake: *** No rule to make target `clean'.

**** Build Finished ****

**** Build of configuration Debug for project LED_Blink ****

"c:\\ti\\ccsv6\\utils\\bin\\gmake" -k all 
'Building file: ../F2802x_GlobalVariableDefs.c'
'Invoking: C2000 Compiler'
"c:/ti/ccsv6/tools/compiler/c2000_6.2.5/bin/cl2000" -v28 -ml -mt --include_path="c:/ti/ccsv6/tools/compiler/c2000_6.2.5/include" --include_path="H:/DSP_Projects/DSP_Repository/f2802x_common/include" --include_path="H:/DSP_Projects/DSP_Repository/f2802x_headers/include" --include_path="H:/DSP_Projects/DSP_Repository/IQmath/include" -g --diag_warning=225 --display_error_number --diag_wrap=off --preproc_with_compile --preproc_dependency="F2802x_GlobalVariableDefs.pp"  "../F2802x_GlobalVariableDefs.c"
'Finished building: ../F2802x_GlobalVariableDefs.c'
' '
'Building file: ../f2802x_codestartbranch.asm'
'Invoking: C2000 Compiler'
"c:/ti/ccsv6/tools/compiler/c2000_6.2.5/bin/cl2000" -v28 -ml -mt --include_path="c:/ti/ccsv6/tools/compiler/c2000_6.2.5/include" --include_path="H:/DSP_Projects/DSP_Repository/f2802x_common/include" --include_path="H:/DSP_Projects/DSP_Repository/f2802x_headers/include" --include_path="H:/DSP_Projects/DSP_Repository/IQmath/include" -g --diag_warning=225 --display_error_number --diag_wrap=off --preproc_with_compile --preproc_dependency="f2802x_codestartbranch.pp"  "../f2802x_codestartbranch.asm"
'Finished building: ../f2802x_codestartbranch.asm'
' '
'Building file: ../f2802x_defaultisr.c'
'Invoking: C2000 Compiler'
"c:/ti/ccsv6/tools/compiler/c2000_6.2.5/bin/cl2000" -v28 -ml -mt --include_path="c:/ti/ccsv6/tools/compiler/c2000_6.2.5/include" --include_path="H:/DSP_Projects/DSP_Repository/f2802x_common/include" --include_path="H:/DSP_Projects/DSP_Repository/f2802x_headers/include" --include_path="H:/DSP_Projects/DSP_Repository/IQmath/include" -g --diag_warning=225 --display_error_number --diag_wrap=off --preproc_with_compile --preproc_dependency="f2802x_defaultisr.pp"  "../f2802x_defaultisr.c"
'Finished building: ../f2802x_defaultisr.c'
' '
'Building file: ../f2802x_gpio.c'
'Invoking: C2000 Compiler'
"c:/ti/ccsv6/tools/compiler/c2000_6.2.5/bin/cl2000" -v28 -ml -mt --include_path="c:/ti/ccsv6/tools/compiler/c2000_6.2.5/include" --include_path="H:/DSP_Projects/DSP_Repository/f2802x_common/include" --include_path="H:/DSP_Projects/DSP_Repository/f2802x_headers/include" --include_path="H:/DSP_Projects/DSP_Repository/IQmath/include" -g --diag_warning=225 --display_error_number --diag_wrap=off --preproc_with_compile --preproc_dependency="f2802x_gpio.pp"  "../f2802x_gpio.c"
'Finished building: ../f2802x_gpio.c'
' '
'Building file: ../f2802x_piectrl.c'
'Invoking: C2000 Compiler'
"c:/ti/ccsv6/tools/compiler/c2000_6.2.5/bin/cl2000" -v28 -ml -mt --include_path="c:/ti/ccsv6/tools/compiler/c2000_6.2.5/include" --include_path="H:/DSP_Projects/DSP_Repository/f2802x_common/include" --include_path="H:/DSP_Projects/DSP_Repository/f2802x_headers/include" --include_path="H:/DSP_Projects/DSP_Repository/IQmath/include" -g --diag_warning=225 --display_error_number --diag_wrap=off --preproc_with_compile --preproc_dependency="f2802x_piectrl.pp"  "../f2802x_piectrl.c"
'Finished building: ../f2802x_piectrl.c'
' '
'Building file: ../f2802x_pievect.c'
'Invoking: C2000 Compiler'
"c:/ti/ccsv6/tools/compiler/c2000_6.2.5/bin/cl2000" -v28 -ml -mt --include_path="c:/ti/ccsv6/tools/compiler/c2000_6.2.5/include" --include_path="H:/DSP_Projects/DSP_Repository/f2802x_common/include" --include_path="H:/DSP_Projects/DSP_Repository/f2802x_headers/include" --include_path="H:/DSP_Projects/DSP_Repository/IQmath/include" -g --diag_warning=225 --display_error_number --diag_wrap=off --preproc_with_compile --preproc_dependency="f2802x_pievect.pp"  "../f2802x_pievect.c"
'Finished building: ../f2802x_pievect.c'
' '
'Building file: ../f2802x_sysctrl.c'
'Invoking: C2000 Compiler'
"c:/ti/ccsv6/tools/compiler/c2000_6.2.5/bin/cl2000" -v28 -ml -mt --include_path="c:/ti/ccsv6/tools/compiler/c2000_6.2.5/include" --include_path="H:/DSP_Projects/DSP_Repository/f2802x_common/include" --include_path="H:/DSP_Projects/DSP_Repository/f2802x_headers/include" --include_path="H:/DSP_Projects/DSP_Repository/IQmath/include" -g --diag_warning=225 --display_error_number --diag_wrap=off --preproc_with_compile --preproc_dependency="f2802x_sysctrl.pp"  "../f2802x_sysctrl.c"
'Finished building: ../f2802x_sysctrl.c'
' '
'Building file: ../f2802x_usdelay.asm'
'Invoking: C2000 Compiler'
"c:/ti/ccsv6/tools/compiler/c2000_6.2.5/bin/cl2000" -v28 -ml -mt --include_path="c:/ti/ccsv6/tools/compiler/c2000_6.2.5/include" --include_path="H:/DSP_Projects/DSP_Repository/f2802x_common/include" --include_path="H:/DSP_Projects/DSP_Repository/f2802x_headers/include" --include_path="H:/DSP_Projects/DSP_Repository/IQmath/include" -g --diag_warning=225 --display_error_number --diag_wrap=off --preproc_with_compile --preproc_dependency="f2802x_usdelay.pp"  "../f2802x_usdelay.asm"
'Finished building: ../f2802x_usdelay.asm'
' '
'Building file: ../gpio.c'
'Invoking: C2000 Compiler'
"c:/ti/ccsv6/tools/compiler/c2000_6.2.5/bin/cl2000" -v28 -ml -mt --include_path="c:/ti/ccsv6/tools/compiler/c2000_6.2.5/include" --include_path="H:/DSP_Projects/DSP_Repository/f2802x_common/include" --include_path="H:/DSP_Projects/DSP_Repository/f2802x_headers/include" --include_path="H:/DSP_Projects/DSP_Repository/IQmath/include" -g --diag_warning=225 --display_error_number --diag_wrap=off --preproc_with_compile --preproc_dependency="gpio.pp"  "../gpio.c"
'Finished building: ../gpio.c'
' '
'Building file: ../main.c'
'Invoking: C2000 Compiler'
"c:/ti/ccsv6/tools/compiler/c2000_6.2.5/bin/cl2000" -v28 -ml -mt --include_path="c:/ti/ccsv6/tools/compiler/c2000_6.2.5/include" --include_path="H:/DSP_Projects/DSP_Repository/f2802x_common/include" --include_path="H:/DSP_Projects/DSP_Repository/f2802x_headers/include" --include_path="H:/DSP_Projects/DSP_Repository/IQmath/include" -g --diag_warning=225 --display_error_number --diag_wrap=off --preproc_with_compile --preproc_dependency="main.pp"  "../main.c"
'Finished building: ../main.c'
' '
'Building target: LED_Blink.out'
'Invoking: C2000 Linker'
"c:/ti/ccsv6/tools/compiler/c2000_6.2.5/bin/cl2000" -v28 -ml -mt -g --diag_warning=225 --display_error_number --diag_wrap=off -z -m"LED_Blink.map" --stack_size=0x300 --warn_sections -i"c:/ti/ccsv6/tools/compiler/c2000_6.2.5/lib" -i"H:/DSP_Projects/DSP_Repository/IQmath/include" -i"H:/DSP_Projects/DSP_Repository/f2802x_common/lib" -i"c:/ti/ccsv6/tools/compiler/c2000_6.2.5/include" --reread_libs --display_error_number --diag_wrap=off --xml_link_info="LED_Blink_linkInfo.xml" --rom_model -o "LED_Blink.out"  "./main.obj" "./gpio.obj" "./f2802x_usdelay.obj" "./f2802x_sysctrl.obj" "./f2802x_pievect.obj" "./f2802x_piectrl.obj" "./f2802x_gpio.obj" "./f2802x_defaultisr.obj" "./f2802x_codestartbranch.obj" "./F2802x_GlobalVariableDefs.obj" "../28027_RAM_lnk.cmd" "../F2802x_Headers_nonBIOS.cmd" -l"libc.a" 
<Linking>
'Finished building target: LED_Blink.out'
' '

**** Build Finished ****

**** Build of configuration Debug for project LED_Blink ****

"c:\\ti\\ccsv6\\utils\\bin\\gmake" -k all 
'Building file: ../F2802x_GlobalVariableDefs.c'
'Invoking: C2000 Compiler'
"c:/ti/ccsv6/tools/compiler/c2000_6.2.5/bin/cl2000" -v28 -ml -mt --include_path="c:/ti/ccsv6/tools/compiler/c2000_6.2.5/include" --include_path="H:/DSP_Projects/DSP_Repository/f2802x_common/include" --include_path="H:/DSP_Projects/DSP_Repository/f2802x_headers/include" --include_path="H:/DSP_Projects/DSP_Repository/IQmath/include" -g --diag_warning=225 --display_error_number --diag_wrap=off --preproc_with_compile --preproc_dependency="F2802x_GlobalVariableDefs.pp"  "../F2802x_GlobalVariableDefs.c"
'Finished building: ../F2802x_GlobalVariableDefs.c'
' '
'Building file: ../f2802x_codestartbranch.asm'
'Invoking: C2000 Compiler'
"c:/ti/ccsv6/tools/compiler/c2000_6.2.5/bin/cl2000" -v28 -ml -mt --include_path="c:/ti/ccsv6/tools/compiler/c2000_6.2.5/include" --include_path="H:/DSP_Projects/DSP_Repository/f2802x_common/include" --include_path="H:/DSP_Projects/DSP_Repository/f2802x_headers/include" --include_path="H:/DSP_Projects/DSP_Repository/IQmath/include" -g --diag_warning=225 --display_error_number --diag_wrap=off --preproc_with_compile --preproc_dependency="f2802x_codestartbranch.pp"  "../f2802x_codestartbranch.asm"
'Finished building: ../f2802x_codestartbranch.asm'
' '
'Building file: ../f2802x_defaultisr.c'
'Invoking: C2000 Compiler'
"c:/ti/ccsv6/tools/compiler/c2000_6.2.5/bin/cl2000" -v28 -ml -mt --include_path="c:/ti/ccsv6/tools/compiler/c2000_6.2.5/include" --include_path="H:/DSP_Projects/DSP_Repository/f2802x_common/include" --include_path="H:/DSP_Projects/DSP_Repository/f2802x_headers/include" --include_path="H:/DSP_Projects/DSP_Repository/IQmath/include" -g --diag_warning=225 --display_error_number --diag_wrap=off --preproc_with_compile --preproc_dependency="f2802x_defaultisr.pp"  "../f2802x_defaultisr.c"
'Finished building: ../f2802x_defaultisr.c'
' '
'Building file: ../f2802x_gpio.c'
'Invoking: C2000 Compiler'
"c:/ti/ccsv6/tools/compiler/c2000_6.2.5/bin/cl2000" -v28 -ml -mt --include_path="c:/ti/ccsv6/tools/compiler/c2000_6.2.5/include" --include_path="H:/DSP_Projects/DSP_Repository/f2802x_common/include" --include_path="H:/DSP_Projects/DSP_Repository/f2802x_headers/include" --include_path="H:/DSP_Projects/DSP_Repository/IQmath/include" -g --diag_warning=225 --display_error_number --diag_wrap=off --preproc_with_compile --preproc_dependency="f2802x_gpio.pp"  "../f2802x_gpio.c"
'Finished building: ../f2802x_gpio.c'
' '
'Building file: ../f2802x_piectrl.c'
'Invoking: C2000 Compiler'
"c:/ti/ccsv6/tools/compiler/c2000_6.2.5/bin/cl2000" -v28 -ml -mt --include_path="c:/ti/ccsv6/tools/compiler/c2000_6.2.5/include" --include_path="H:/DSP_Projects/DSP_Repository/f2802x_common/include" --include_path="H:/DSP_Projects/DSP_Repository/f2802x_headers/include" --include_path="H:/DSP_Projects/DSP_Repository/IQmath/include" -g --diag_warning=225 --display_error_number --diag_wrap=off --preproc_with_compile --preproc_dependency="f2802x_piectrl.pp"  "../f2802x_piectrl.c"
'Finished building: ../f2802x_piectrl.c'
' '
'Building file: ../f2802x_pievect.c'
'Invoking: C2000 Compiler'
"c:/ti/ccsv6/tools/compiler/c2000_6.2.5/bin/cl2000" -v28 -ml -mt --include_path="c:/ti/ccsv6/tools/compiler/c2000_6.2.5/include" --include_path="H:/DSP_Projects/DSP_Repository/f2802x_common/include" --include_path="H:/DSP_Projects/DSP_Repository/f2802x_headers/include" --include_path="H:/DSP_Projects/DSP_Repository/IQmath/include" -g --diag_warning=225 --display_error_number --diag_wrap=off --preproc_with_compile --preproc_dependency="f2802x_pievect.pp"  "../f2802x_pievect.c"
'Finished building: ../f2802x_pievect.c'
' '
'Building file: ../f2802x_sysctrl.c'
'Invoking: C2000 Compiler'
"c:/ti/ccsv6/tools/compiler/c2000_6.2.5/bin/cl2000" -v28 -ml -mt --include_path="c:/ti/ccsv6/tools/compiler/c2000_6.2.5/include" --include_path="H:/DSP_Projects/DSP_Repository/f2802x_common/include" --include_path="H:/DSP_Projects/DSP_Repository/f2802x_headers/include" --include_path="H:/DSP_Projects/DSP_Repository/IQmath/include" -g --diag_warning=225 --display_error_number --diag_wrap=off --preproc_with_compile --preproc_dependency="f2802x_sysctrl.pp"  "../f2802x_sysctrl.c"
'Finished building: ../f2802x_sysctrl.c'
' '
'Building file: ../f2802x_usdelay.asm'
'Invoking: C2000 Compiler'
"c:/ti/ccsv6/tools/compiler/c2000_6.2.5/bin/cl2000" -v28 -ml -mt --include_path="c:/ti/ccsv6/tools/compiler/c2000_6.2.5/include" --include_path="H:/DSP_Projects/DSP_Repository/f2802x_common/include" --include_path="H:/DSP_Projects/DSP_Repository/f2802x_headers/include" --include_path="H:/DSP_Projects/DSP_Repository/IQmath/include" -g --diag_warning=225 --display_error_number --diag_wrap=off --preproc_with_compile --preproc_dependency="f2802x_usdelay.pp"  "../f2802x_usdelay.asm"
'Finished building: ../f2802x_usdelay.asm'
' '
'Building file: ../gpio.c'
'Invoking: C2000 Compiler'
"c:/ti/ccsv6/tools/compiler/c2000_6.2.5/bin/cl2000" -v28 -ml -mt --include_path="c:/ti/ccsv6/tools/compiler/c2000_6.2.5/include" --include_path="H:/DSP_Projects/DSP_Repository/f2802x_common/include" --include_path="H:/DSP_Projects/DSP_Repository/f2802x_headers/include" --include_path="H:/DSP_Projects/DSP_Repository/IQmath/include" -g --diag_warning=225 --display_error_number --diag_wrap=off --preproc_with_compile --preproc_dependency="gpio.pp"  "../gpio.c"
'Finished building: ../gpio.c'
' '
'Building file: ../main.c'
'Invoking: C2000 Compiler'
"c:/ti/ccsv6/tools/compiler/c2000_6.2.5/bin/cl2000" -v28 -ml -mt --include_path="c:/ti/ccsv6/tools/compiler/c2000_6.2.5/include" --include_path="H:/DSP_Projects/DSP_Repository/f2802x_common/include" --include_path="H:/DSP_Projects/DSP_Repository/f2802x_headers/include" --include_path="H:/DSP_Projects/DSP_Repository/IQmath/include" -g --diag_warning=225 --display_error_number --diag_wrap=off --preproc_with_compile --preproc_dependency="main.pp"  "../main.c"
'Finished building: ../main.c'
' '
'Building target: LED_Blink.out'
'Invoking: C2000 Linker'
"c:/ti/ccsv6/tools/compiler/c2000_6.2.5/bin/cl2000" -v28 -ml -mt -g --diag_warning=225 --display_error_number --diag_wrap=off -z -m"LED_Blink.map" --stack_size=0x300 --warn_sections -i"c:/ti/ccsv6/tools/compiler/c2000_6.2.5/lib" -i"H:/DSP_Projects/DSP_Repository/IQmath/include" -i"H:/DSP_Projects/DSP_Repository/f2802x_common/lib" -i"c:/ti/ccsv6/tools/compiler/c2000_6.2.5/include" --reread_libs --display_error_number --diag_wrap=off --xml_link_info="LED_Blink_linkInfo.xml" --rom_model -o "LED_Blink.out"  "./main.obj" "./gpio.obj" "./f2802x_usdelay.obj" "./f2802x_sysctrl.obj" "./f2802x_pievect.obj" "./f2802x_piectrl.obj" "./f2802x_gpio.obj" "./f2802x_defaultisr.obj" "./f2802x_codestartbranch.obj" "./F2802x_GlobalVariableDefs.obj" "../28027_RAM_lnk.cmd" "../F2802x_Headers_nonBIOS.cmd" -l"libc.a" 
<Linking>
'Finished building target: LED_Blink.out'
' '

**** Build Finished ****

**** Build of configuration Debug for project LED_Blink ****

"c:\\ti\\ccsv6\\utils\\bin\\gmake" -k all 
gmake: Nothing to be done for `all'.

**** Build Finished ****

**** Clean-only build of configuration Debug for project LED_Blink ****

"c:\\ti\\ccsv6\\utils\\bin\\gmake" -k clean 
DEL /F  "LED_Blink.out"  "LED_Blink.hex" 
DEL /F "F2802x_GlobalVariableDefs.pp" "f2802x_defaultisr.pp" "f2802x_gpio.pp" "f2802x_piectrl.pp" "f2802x_pievect.pp" "f2802x_sysctrl.pp" "gpio.pp" "main.pp" 
DEL /F "F2802x_GlobalVariableDefs.obj" "f2802x_codestartbranch.obj" "f2802x_defaultisr.obj" "f2802x_gpio.obj" "f2802x_piectrl.obj" "f2802x_pievect.obj" "f2802x_sysctrl.obj" "f2802x_usdelay.obj" "gpio.obj" "main.obj" 
DEL /F "f2802x_codestartbranch.pp" "f2802x_usdelay.pp" 
’“≤ªµΩ H:\DSP_Projects\DSP_Repository\LED_Blink\Debug\f2802x_codestartbranch.pp
'Finished clean'
' '

**** Build Finished ****

**** Build of configuration Debug for project LED_Blink ****

"c:\\ti\\ccsv6\\utils\\bin\\gmake" -k all 
'Building file: ../F2802x_GlobalVariableDefs.c'
'Invoking: C2000 Compiler'
"c:/ti/ccsv6/tools/compiler/c2000_6.2.5/bin/cl2000" -v28 -ml -mt --include_path="c:/ti/ccsv6/tools/compiler/c2000_6.2.5/include" --include_path="H:/DSP_Projects/DSP_Repository/f2802x_common/include" --include_path="H:/DSP_Projects/DSP_Repository/f2802x_headers/include" --include_path="H:/DSP_Projects/DSP_Repository/IQmath/include" -g --diag_warning=225 --display_error_number --diag_wrap=off --preproc_with_compile --preproc_dependency="F2802x_GlobalVariableDefs.pp"  "../F2802x_GlobalVariableDefs.c"
'Finished building: ../F2802x_GlobalVariableDefs.c'
' '
'Building file: ../f2802x_codestartbranch.asm'
'Invoking: C2000 Compiler'
"c:/ti/ccsv6/tools/compiler/c2000_6.2.5/bin/cl2000" -v28 -ml -mt --include_path="c:/ti/ccsv6/tools/compiler/c2000_6.2.5/include" --include_path="H:/DSP_Projects/DSP_Repository/f2802x_common/include" --include_path="H:/DSP_Projects/DSP_Repository/f2802x_headers/include" --include_path="H:/DSP_Projects/DSP_Repository/IQmath/include" -g --diag_warning=225 --display_error_number --diag_wrap=off --preproc_with_compile --preproc_dependency="f2802x_codestartbranch.pp"  "../f2802x_codestartbranch.asm"
'Finished building: ../f2802x_codestartbranch.asm'
' '
'Building file: ../f2802x_defaultisr.c'
'Invoking: C2000 Compiler'
"c:/ti/ccsv6/tools/compiler/c2000_6.2.5/bin/cl2000" -v28 -ml -mt --include_path="c:/ti/ccsv6/tools/compiler/c2000_6.2.5/include" --include_path="H:/DSP_Projects/DSP_Repository/f2802x_common/include" --include_path="H:/DSP_Projects/DSP_Repository/f2802x_headers/include" --include_path="H:/DSP_Projects/DSP_Repository/IQmath/include" -g --diag_warning=225 --display_error_number --diag_wrap=off --preproc_with_compile --preproc_dependency="f2802x_defaultisr.pp"  "../f2802x_defaultisr.c"
'Finished building: ../f2802x_defaultisr.c'
' '
'Building file: ../f2802x_gpio.c'
'Invoking: C2000 Compiler'
"c:/ti/ccsv6/tools/compiler/c2000_6.2.5/bin/cl2000" -v28 -ml -mt --include_path="c:/ti/ccsv6/tools/compiler/c2000_6.2.5/include" --include_path="H:/DSP_Projects/DSP_Repository/f2802x_common/include" --include_path="H:/DSP_Projects/DSP_Repository/f2802x_headers/include" --include_path="H:/DSP_Projects/DSP_Repository/IQmath/include" -g --diag_warning=225 --display_error_number --diag_wrap=off --preproc_with_compile --preproc_dependency="f2802x_gpio.pp"  "../f2802x_gpio.c"
'Finished building: ../f2802x_gpio.c'
' '
'Building file: ../f2802x_piectrl.c'
'Invoking: C2000 Compiler'
"c:/ti/ccsv6/tools/compiler/c2000_6.2.5/bin/cl2000" -v28 -ml -mt --include_path="c:/ti/ccsv6/tools/compiler/c2000_6.2.5/include" --include_path="H:/DSP_Projects/DSP_Repository/f2802x_common/include" --include_path="H:/DSP_Projects/DSP_Repository/f2802x_headers/include" --include_path="H:/DSP_Projects/DSP_Repository/IQmath/include" -g --diag_warning=225 --display_error_number --diag_wrap=off --preproc_with_compile --preproc_dependency="f2802x_piectrl.pp"  "../f2802x_piectrl.c"
'Finished building: ../f2802x_piectrl.c'
' '
'Building file: ../f2802x_pievect.c'
'Invoking: C2000 Compiler'
"c:/ti/ccsv6/tools/compiler/c2000_6.2.5/bin/cl2000" -v28 -ml -mt --include_path="c:/ti/ccsv6/tools/compiler/c2000_6.2.5/include" --include_path="H:/DSP_Projects/DSP_Repository/f2802x_common/include" --include_path="H:/DSP_Projects/DSP_Repository/f2802x_headers/include" --include_path="H:/DSP_Projects/DSP_Repository/IQmath/include" -g --diag_warning=225 --display_error_number --diag_wrap=off --preproc_with_compile --preproc_dependency="f2802x_pievect.pp"  "../f2802x_pievect.c"
'Finished building: ../f2802x_pievect.c'
' '
'Building file: ../f2802x_sysctrl.c'
'Invoking: C2000 Compiler'
"c:/ti/ccsv6/tools/compiler/c2000_6.2.5/bin/cl2000" -v28 -ml -mt --include_path="c:/ti/ccsv6/tools/compiler/c2000_6.2.5/include" --include_path="H:/DSP_Projects/DSP_Repository/f2802x_common/include" --include_path="H:/DSP_Projects/DSP_Repository/f2802x_headers/include" --include_path="H:/DSP_Projects/DSP_Repository/IQmath/include" -g --diag_warning=225 --display_error_number --diag_wrap=off --preproc_with_compile --preproc_dependency="f2802x_sysctrl.pp"  "../f2802x_sysctrl.c"
'Finished building: ../f2802x_sysctrl.c'
' '
'Building file: ../f2802x_usdelay.asm'
'Invoking: C2000 Compiler'
"c:/ti/ccsv6/tools/compiler/c2000_6.2.5/bin/cl2000" -v28 -ml -mt --include_path="c:/ti/ccsv6/tools/compiler/c2000_6.2.5/include" --include_path="H:/DSP_Projects/DSP_Repository/f2802x_common/include" --include_path="H:/DSP_Projects/DSP_Repository/f2802x_headers/include" --include_path="H:/DSP_Projects/DSP_Repository/IQmath/include" -g --diag_warning=225 --display_error_number --diag_wrap=off --preproc_with_compile --preproc_dependency="f2802x_usdelay.pp"  "../f2802x_usdelay.asm"
'Finished building: ../f2802x_usdelay.asm'
' '
'Building file: ../gpio.c'
'Invoking: C2000 Compiler'
"c:/ti/ccsv6/tools/compiler/c2000_6.2.5/bin/cl2000" -v28 -ml -mt --include_path="c:/ti/ccsv6/tools/compiler/c2000_6.2.5/include" --include_path="H:/DSP_Projects/DSP_Repository/f2802x_common/include" --include_path="H:/DSP_Projects/DSP_Repository/f2802x_headers/include" --include_path="H:/DSP_Projects/DSP_Repository/IQmath/include" -g --diag_warning=225 --display_error_number --diag_wrap=off --preproc_with_compile --preproc_dependency="gpio.pp"  "../gpio.c"
'Finished building: ../gpio.c'
' '
'Building file: ../main.c'
'Invoking: C2000 Compiler'
"c:/ti/ccsv6/tools/compiler/c2000_6.2.5/bin/cl2000" -v28 -ml -mt --include_path="c:/ti/ccsv6/tools/compiler/c2000_6.2.5/include" --include_path="H:/DSP_Projects/DSP_Repository/f2802x_common/include" --include_path="H:/DSP_Projects/DSP_Repository/f2802x_headers/include" --include_path="H:/DSP_Projects/DSP_Repository/IQmath/include" -g --diag_warning=225 --display_error_number --diag_wrap=off --preproc_with_compile --preproc_dependency="main.pp"  "../main.c"
'Finished building: ../main.c'
' '
'Building target: LED_Blink.out'
'Invoking: C2000 Linker'
"c:/ti/ccsv6/tools/compiler/c2000_6.2.5/bin/cl2000" -v28 -ml -mt -g --diag_warning=225 --display_error_number --diag_wrap=off -z -m"LED_Blink.map" --stack_size=0x300 --warn_sections -i"c:/ti/ccsv6/tools/compiler/c2000_6.2.5/lib" -i"H:/DSP_Projects/DSP_Repository/IQmath/include" -i"H:/DSP_Projects/DSP_Repository/f2802x_common/lib" -i"c:/ti/ccsv6/tools/compiler/c2000_6.2.5/include" --reread_libs --display_error_number --diag_wrap=off --xml_link_info="LED_Blink_linkInfo.xml" --rom_model -o "LED_Blink.out"  "./main.obj" "./gpio.obj" "./f2802x_usdelay.obj" "./f2802x_sysctrl.obj" "./f2802x_pievect.obj" "./f2802x_piectrl.obj" "./f2802x_gpio.obj" "./f2802x_defaultisr.obj" "./f2802x_codestartbranch.obj" "./F2802x_GlobalVariableDefs.obj" "../F28027.cmd" "../F2802x_Headers_nonBIOS.cmd" -l"libc.a" 
<Linking>
'Finished building target: LED_Blink.out'
' '

**** Build Finished ****

**** Build of configuration Debug for project LED_Blink ****

"c:\\ti\\ccsv6\\utils\\bin\\gmake" -k all 
'Building file: ../DSP28xxx_SectionCopy_nonBIOS.asm'
'Invoking: C2000 Compiler'
"c:/ti/ccsv6/tools/compiler/c2000_6.2.5/bin/cl2000" -v28 -ml -mt --include_path="c:/ti/ccsv6/tools/compiler/c2000_6.2.5/include" --include_path="H:/DSP_Projects/DSP_Repository/f2802x_common/include" --include_path="H:/DSP_Projects/DSP_Repository/f2802x_headers/include" --include_path="H:/DSP_Projects/DSP_Repository/IQmath/include" -g --diag_warning=225 --display_error_number --diag_wrap=off --preproc_with_compile --preproc_dependency="DSP28xxx_SectionCopy_nonBIOS.pp"  "../DSP28xxx_SectionCopy_nonBIOS.asm"
'Finished building: ../DSP28xxx_SectionCopy_nonBIOS.asm'
' '
'Building file: ../f2802x_codestartbranch.asm'
'Invoking: C2000 Compiler'
"c:/ti/ccsv6/tools/compiler/c2000_6.2.5/bin/cl2000" -v28 -ml -mt --include_path="c:/ti/ccsv6/tools/compiler/c2000_6.2.5/include" --include_path="H:/DSP_Projects/DSP_Repository/f2802x_common/include" --include_path="H:/DSP_Projects/DSP_Repository/f2802x_headers/include" --include_path="H:/DSP_Projects/DSP_Repository/IQmath/include" -g --diag_warning=225 --display_error_number --diag_wrap=off --preproc_with_compile --preproc_dependency="f2802x_codestartbranch.pp"  "../f2802x_codestartbranch.asm"
'Finished building: ../f2802x_codestartbranch.asm'
' '
'Building target: LED_Blink.out'
'Invoking: C2000 Linker'
"c:/ti/ccsv6/tools/compiler/c2000_6.2.5/bin/cl2000" -v28 -ml -mt -g --diag_warning=225 --display_error_number --diag_wrap=off -z -m"LED_Blink.map" --stack_size=0x300 --warn_sections -i"c:/ti/ccsv6/tools/compiler/c2000_6.2.5/lib" -i"H:/DSP_Projects/DSP_Repository/IQmath/include" -i"H:/DSP_Projects/DSP_Repository/f2802x_common/lib" -i"c:/ti/ccsv6/tools/compiler/c2000_6.2.5/include" --reread_libs --display_error_number --diag_wrap=off --xml_link_info="LED_Blink_linkInfo.xml" --rom_model -o "LED_Blink.out"  "./main.obj" "./gpio.obj" "./f2802x_usdelay.obj" "./f2802x_sysctrl.obj" "./f2802x_pievect.obj" "./f2802x_piectrl.obj" "./f2802x_gpio.obj" "./f2802x_defaultisr.obj" "./f2802x_codestartbranch.obj" "./F2802x_GlobalVariableDefs.obj" "./DSP28xxx_SectionCopy_nonBIOS.obj" "../F28027.cmd" "../F2802x_Headers_nonBIOS.cmd" -l"libc.a" 
<Linking>
'Finished building target: LED_Blink.out'
' '

**** Build Finished ****

**** Build of configuration Debug for project LED_Blink ****

"c:\\ti\\ccsv6\\utils\\bin\\gmake" -k all 
gmake: Nothing to be done for `all'.

**** Build Finished ****
